<?xml version="1.0" encoding="UTF-8"?>
<!-- Generated by org.testng.reporters.JUnitReportReporter -->
<testsuite hostname="OSX-mkrishnasamy" failures="0" tests="2" name="com.zotero.testCases.ZbibHomePage" time="3.250" errors="0" timestamp="2022-07-24T18:13:30 IST" skipped="0">
  <testcase classname="com.zotero.testCases.ZbibHomePage" name="verifyHomePagelaunched" time="3.051"/>
  <system-out/>
  <testcase classname="com.zotero.testCases.ZbibHomePage" name="searchItem" time="0.199"/>
  <system-out/>
</testsuite> <!-- com.zotero.testCases.ZbibHomePage -->
